<?xml version="1.0" encoding="UTF-8"?>
<!-- Generated by org.testng.reporters.JUnitReportReporter -->
<testsuite hostname="Afnans-MacBook-Air.local" failures="0" tests="2" name="Academy.HomePage" time="55.751" errors="0" timestamp="2022-07-20T22:31:08 CEST" skipped="0">
  <testcase classname="Academy.HomePage" name="basePageNavigation" time="38.383"/>
  <system-out/>
  <testcase classname="Academy.HomePage" name="basePageNavigation" time="17.368"/>
  <system-out/>
</testsuite> <!-- Academy.HomePage -->
