<?xml version="1.0" encoding="UTF-8"?>
<!-- Generated by org.testng.reporters.JUnitReportReporter -->
<testsuite hostname="Afnans-MacBook-Air.local" failures="0" tests="1" name="Academy.AppTest" time="0.026" errors="0" timestamp="2022-07-20T21:53:10 CEST" skipped="0">
  <testcase classname="Academy.AppTest" name="shouldAnswerWithTrue" time="0.026"/>
  <system-out/>
</testsuite> <!-- Academy.AppTest -->
